<?xml version="1.0" encoding="UTF-8"?>
<!-- Generated by org.testng.reporters.JUnitReportReporter -->
<testsuite hostname="DESKTOP-PEV4LLI" failures="0" tests="1" name="TestCase.NewTest" time="0.004" errors="0" timestamp="2022-05-07T17:12:51 IST" skipped="0">
  <testcase classname="TestCase.NewTest" name="f" time="0.004"/>
  <system-out/>
</testsuite> <!-- TestCase.NewTest -->
